[2024-09-26 09:16:34] local.ERROR: Declaration of Botble\Base\Supports\Assets::renderHeader($lastStyles = []) must be compatible with Botble\Assets\Assets::renderHeader(array $lastStyles = []): string {"exception":"[object] (Symfony\\Component\\ErrorHandler\\Error\\FatalError(code: 0): Declaration of Botble\\Base\\Supports\\Assets::renderHeader($lastStyles = []) must be compatible with Botble\\Assets\\Assets::renderHeader(array $lastStyles = []): string at E:\\_project\\_ring\\platform\\core\\base\\src\\Supports\\Assets.php:91)
[stacktrace]
#0 {main}
"} 
[2024-09-26 09:16:36] local.ERROR: Declaration of Botble\Base\Supports\Assets::renderHeader($lastStyles = []) must be compatible with Botble\Assets\Assets::renderHeader(array $lastStyles = []): string {"exception":"[object] (Symfony\\Component\\ErrorHandler\\Error\\FatalError(code: 0): Declaration of Botble\\Base\\Supports\\Assets::renderHeader($lastStyles = []) must be compatible with Botble\\Assets\\Assets::renderHeader(array $lastStyles = []): string at E:\\_project\\_ring\\platform\\core\\base\\src\\Supports\\Assets.php:91)
[stacktrace]
#0 {main}
"} 
[2024-09-26 05:50:26] local.ERROR: SQLSTATE[42S02]: Base table or view not found: 1146 Table 'nest.menus' doesn't exist (SQL: select * from `menus` where `status` = published) (View: E:\_project\_ring\platform\themes\nest\partials\header.blade.php) {"view":{"view":"E:\\_project\\_ring\\vendor\\laravel\\framework\\src\\Illuminate\\Database\\Connection.php","data":[]},"exception":"[object] (Facade\\Ignition\\Exceptions\\ViewException(code: 0): SQLSTATE[42S02]: Base table or view not found: 1146 Table 'nest.menus' doesn't exist (SQL: select * from `menus` where `status` = published) (View: E:\\_project\\_ring\\platform\\themes\\nest\\partials\\header.blade.php) at E:\\_project\\_ring\\vendor\\laravel\\framework\\src\\Illuminate\\Database\\Connection.php:712)
[stacktrace]
#0 E:\\_project\\_ring\\vendor\\laravel\\framework\\src\\Illuminate\\Database\\Connection.php(672): Illuminate\\Database\\Connection->runQueryCallback('select * from `...', Array, Object(Closure))
#1 E:\\_project\\_ring\\vendor\\laravel\\framework\\src\\Illuminate\\Database\\Connection.php(359): Illuminate\\Database\\Connection->run('select * from `...', Array, Object(Closure))
#2 E:\\_project\\_ring\\vendor\\laravel\\framework\\src\\Illuminate\\Database\\Query\\Builder.php(2413): Illuminate\\Database\\Connection->select('select * from `...', Array, true)
#3 E:\\_project\\_ring\\vendor\\laravel\\framework\\src\\Illuminate\\Database\\Query\\Builder.php(2402): Illuminate\\Database\\Query\\Builder->runSelect()
#4 E:\\_project\\_ring\\vendor\\laravel\\framework\\src\\Illuminate\\Database\\Query\\Builder.php(2936): Illuminate\\Database\\Query\\Builder->Illuminate\\Database\\Query\\{closure}()
#5 E:\\_project\\_ring\\vendor\\laravel\\framework\\src\\Illuminate\\Database\\Query\\Builder.php(2401): Illuminate\\Database\\Query\\Builder->onceWithColumns(Array, Object(Closure))
#6 E:\\_project\\_ring\\vendor\\laravel\\framework\\src\\Illuminate\\Database\\Eloquent\\Builder.php(625): Illuminate\\Database\\Query\\Builder->get(Array)
#7 E:\\_project\\_ring\\vendor\\laravel\\framework\\src\\Illuminate\\Database\\Eloquent\\Builder.php(609): Illuminate\\Database\\Eloquent\\Builder->getModels(Array)
#8 E:\\_project\\_ring\\platform\\core\\support\\src\\Repositories\\Eloquent\\RepositoriesAbstract.php(158): Illuminate\\Database\\Eloquent\\Builder->get()
#9 [internal function]: Botble\\Support\\Repositories\\Eloquent\\RepositoriesAbstract->allBy(Array, Array)
#10 E:\\_project\\_ring\\platform\\core\\support\\src\\Repositories\\Caches\\CacheAbstractDecorator.php(51): call_user_func_array(Array, Array)
#11 E:\\_project\\_ring\\platform\\core\\support\\src\\Repositories\\Caches\\CacheAbstractDecorator.php(192): Botble\\Support\\Repositories\\Caches\\CacheAbstractDecorator->getDataIfExistCache('allBy', Array)
#12 E:\\_project\\_ring\\platform\\packages\\menu\\src\\Menu.php(293): Botble\\Support\\Repositories\\Caches\\CacheAbstractDecorator->allBy(Array, Array)
#13 E:\\_project\\_ring\\platform\\packages\\menu\\src\\Menu.php(283): Botble\\Menu\\Menu->read()
#14 E:\\_project\\_ring\\platform\\packages\\menu\\src\\Menu.php(241): Botble\\Menu\\Menu->load()
#15 E:\\_project\\_ring\\vendor\\laravel\\framework\\src\\Illuminate\\Support\\Facades\\Facade.php(261): Botble\\Menu\\Menu->renderMenuLocation('header-navigati...', Array)
#16 E:\\_project\\_ring\\platform/themes/nest/partials/header.blade.php(80): Illuminate\\Support\\Facades\\Facade::__callStatic('renderMenuLocat...', Array)
#17 E:\\_project\\_ring\\vendor\\laravel\\framework\\src\\Illuminate\\Filesystem\\Filesystem.php(107): require('E:\\\\_project\\\\_ri...')
#18 E:\\_project\\_ring\\vendor\\laravel\\framework\\src\\Illuminate\\Filesystem\\Filesystem.php(108): Illuminate\\Filesystem\\Filesystem::Illuminate\\Filesystem\\{closure}()
#19 E:\\_project\\_ring\\vendor\\laravel\\framework\\src\\Illuminate\\View\\Engines\\PhpEngine.php(58): Illuminate\\Filesystem\\Filesystem->getRequire('E:\\\\_project\\\\_ri...', Array)
#20 E:\\_project\\_ring\\vendor\\laravel\\framework\\src\\Illuminate\\View\\Engines\\CompilerEngine.php(61): Illuminate\\View\\Engines\\PhpEngine->evaluatePath('E:\\\\_project\\\\_ri...', Array)
#21 E:\\_project\\_ring\\vendor\\facade\\ignition\\src\\Views\\Engines\\CompilerEngine.php(37): Illuminate\\View\\Engines\\CompilerEngine->get('E:\\\\_project\\\\_ri...', Array)
#22 E:\\_project\\_ring\\vendor\\laravel\\framework\\src\\Illuminate\\View\\View.php(139): Facade\\Ignition\\Views\\Engines\\CompilerEngine->get('E:\\\\_project\\\\_ri...', Array)
#23 E:\\_project\\_ring\\platform\\packages\\shortcode\\src\\View\\View.php(83): Illuminate\\View\\View->getContents()
#24 E:\\_project\\_ring\\vendor\\laravel\\framework\\src\\Illuminate\\View\\View.php(91): Botble\\Shortcode\\View\\View->renderContents()
#25 E:\\_project\\_ring\\platform\\packages\\theme\\src\\Theme.php(648): Illuminate\\View\\View->render()
#26 E:\\_project\\_ring\\platform\\packages\\theme\\src\\Theme.php(628): Botble\\Theme\\Theme->loadPartial('header', 'theme.nest::par...', Array)
#27 E:\\_project\\_ring\\vendor\\laravel\\framework\\src\\Illuminate\\Support\\Facades\\Facade.php(261): Botble\\Theme\\Theme->partial('header')
#28 E:\\_project\\_ring\\platform/themes/nest/layouts/homepage.blade.php(1): Illuminate\\Support\\Facades\\Facade::__callStatic('partial', Array)
#29 E:\\_project\\_ring\\vendor\\laravel\\framework\\src\\Illuminate\\Filesystem\\Filesystem.php(107): require('E:\\\\_project\\\\_ri...')
#30 E:\\_project\\_ring\\vendor\\laravel\\framework\\src\\Illuminate\\Filesystem\\Filesystem.php(108): Illuminate\\Filesystem\\Filesystem::Illuminate\\Filesystem\\{closure}()
#31 E:\\_project\\_ring\\vendor\\laravel\\framework\\src\\Illuminate\\View\\Engines\\PhpEngine.php(58): Illuminate\\Filesystem\\Filesystem->getRequire('E:\\\\_project\\\\_ri...', Array)
#32 E:\\_project\\_ring\\vendor\\laravel\\framework\\src\\Illuminate\\View\\Engines\\CompilerEngine.php(61): Illuminate\\View\\Engines\\PhpEngine->evaluatePath('E:\\\\_project\\\\_ri...', Array)
#33 E:\\_project\\_ring\\vendor\\facade\\ignition\\src\\Views\\Engines\\CompilerEngine.php(37): Illuminate\\View\\Engines\\CompilerEngine->get('E:\\\\_project\\\\_ri...', Array)
#34 E:\\_project\\_ring\\vendor\\laravel\\framework\\src\\Illuminate\\View\\View.php(139): Facade\\Ignition\\Views\\Engines\\CompilerEngine->get('E:\\\\_project\\\\_ri...', Array)
#35 E:\\_project\\_ring\\platform\\packages\\shortcode\\src\\View\\View.php(83): Illuminate\\View\\View->getContents()
#36 E:\\_project\\_ring\\vendor\\laravel\\framework\\src\\Illuminate\\View\\View.php(91): Botble\\Shortcode\\View\\View->renderContents()
#37 E:\\_project\\_ring\\platform\\packages\\theme\\src\\Theme.php(1012): Illuminate\\View\\View->render()
#38 E:\\_project\\_ring\\platform\\packages\\theme\\src\\Http\\Controllers\\PublicController.php(85): Botble\\Theme\\Theme->render()
#39 E:\\_project\\_ring\\vendor\\laravel\\framework\\src\\Illuminate\\Routing\\Controller.php(54): Botble\\Theme\\Http\\Controllers\\PublicController->getIndex()
#40 E:\\_project\\_ring\\vendor\\laravel\\framework\\src\\Illuminate\\Routing\\ControllerDispatcher.php(45): Illuminate\\Routing\\Controller->callAction('getIndex', Array)
#41 E:\\_project\\_ring\\vendor\\laravel\\framework\\src\\Illuminate\\Routing\\Route.php(261): Illuminate\\Routing\\ControllerDispatcher->dispatch(Object(Illuminate\\Routing\\Route), Object(Theme\\Nest\\Http\\Controllers\\NestController), 'getIndex')
#42 E:\\_project\\_ring\\vendor\\laravel\\framework\\src\\Illuminate\\Routing\\Route.php(205): Illuminate\\Routing\\Route->runController()
#43 E:\\_project\\_ring\\vendor\\laravel\\framework\\src\\Illuminate\\Routing\\Router.php(721): Illuminate\\Routing\\Route->run()
#44 E:\\_project\\_ring\\vendor\\laravel\\framework\\src\\Illuminate\\Pipeline\\Pipeline.php(128): Illuminate\\Routing\\Router->Illuminate\\Routing\\{closure}(Object(Illuminate\\Http\\Request))
#45 E:\\_project\\_ring\\platform\\core\\base\\src\\Http\\Middleware\\CoreMiddleware.php(18): Illuminate\\Pipeline\\Pipeline->Illuminate\\Pipeline\\{closure}(Object(Illuminate\\Http\\Request))
#46 E:\\_project\\_ring\\vendor\\laravel\\framework\\src\\Illuminate\\Pipeline\\Pipeline.php(167): Botble\\Base\\Http\\Middleware\\CoreMiddleware->handle(Object(Illuminate\\Http\\Request), Object(Closure))
#47 E:\\_project\\_ring\\platform\\packages\\theme\\src\\Http\\Middleware\\AdminBarMiddleware.php(49): Illuminate\\Pipeline\\Pipeline->Illuminate\\Pipeline\\{closure}(Object(Illuminate\\Http\\Request))
#48 E:\\_project\\_ring\\vendor\\laravel\\framework\\src\\Illuminate\\Pipeline\\Pipeline.php(167): Botble\\Theme\\Http\\Middleware\\AdminBarMiddleware->handle(Object(Illuminate\\Http\\Request), Object(Closure))
#49 E:\\_project\\_ring\\platform\\core\\base\\src\\Http\\Middleware\\HttpsProtocolMiddleware.php(22): Illuminate\\Pipeline\\Pipeline->Illuminate\\Pipeline\\{closure}(Object(Illuminate\\Http\\Request))
#50 E:\\_project\\_ring\\vendor\\laravel\\framework\\src\\Illuminate\\Pipeline\\Pipeline.php(167): Botble\\Base\\Http\\Middleware\\HttpsProtocolMiddleware->handle(Object(Illuminate\\Http\\Request), Object(Closure))
#51 E:\\_project\\_ring\\platform\\core\\base\\src\\Http\\Middleware\\LocaleMiddleware.php(38): Illuminate\\Pipeline\\Pipeline->Illuminate\\Pipeline\\{closure}(Object(Illuminate\\Http\\Request))
#52 E:\\_project\\_ring\\vendor\\laravel\\framework\\src\\Illuminate\\Pipeline\\Pipeline.php(167): Botble\\Base\\Http\\Middleware\\LocaleMiddleware->handle(Object(Illuminate\\Http\\Request), Object(Closure))
#53 E:\\_project\\_ring\\vendor\\laravel\\framework\\src\\Illuminate\\Routing\\Middleware\\SubstituteBindings.php(50): Illuminate\\Pipeline\\Pipeline->Illuminate\\Pipeline\\{closure}(Object(Illuminate\\Http\\Request))
#54 E:\\_project\\_ring\\vendor\\laravel\\framework\\src\\Illuminate\\Pipeline\\Pipeline.php(167): Illuminate\\Routing\\Middleware\\SubstituteBindings->handle(Object(Illuminate\\Http\\Request), Object(Closure))
#55 E:\\_project\\_ring\\vendor\\laravel\\framework\\src\\Illuminate\\Foundation\\Http\\Middleware\\VerifyCsrfToken.php(78): Illuminate\\Pipeline\\Pipeline->Illuminate\\Pipeline\\{closure}(Object(Illuminate\\Http\\Request))
#56 E:\\_project\\_ring\\vendor\\laravel\\framework\\src\\Illuminate\\Pipeline\\Pipeline.php(167): Illuminate\\Foundation\\Http\\Middleware\\VerifyCsrfToken->handle(Object(Illuminate\\Http\\Request), Object(Closure))
#57 E:\\_project\\_ring\\vendor\\laravel\\framework\\src\\Illuminate\\View\\Middleware\\ShareErrorsFromSession.php(49): Illuminate\\Pipeline\\Pipeline->Illuminate\\Pipeline\\{closure}(Object(Illuminate\\Http\\Request))
#58 E:\\_project\\_ring\\vendor\\laravel\\framework\\src\\Illuminate\\Pipeline\\Pipeline.php(167): Illuminate\\View\\Middleware\\ShareErrorsFromSession->handle(Object(Illuminate\\Http\\Request), Object(Closure))
#59 E:\\_project\\_ring\\vendor\\laravel\\framework\\src\\Illuminate\\Session\\Middleware\\StartSession.php(121): Illuminate\\Pipeline\\Pipeline->Illuminate\\Pipeline\\{closure}(Object(Illuminate\\Http\\Request))
#60 E:\\_project\\_ring\\vendor\\laravel\\framework\\src\\Illuminate\\Session\\Middleware\\StartSession.php(64): Illuminate\\Session\\Middleware\\StartSession->handleStatefulRequest(Object(Illuminate\\Http\\Request), Object(Illuminate\\Session\\Store), Object(Closure))
#61 E:\\_project\\_ring\\vendor\\laravel\\framework\\src\\Illuminate\\Pipeline\\Pipeline.php(167): Illuminate\\Session\\Middleware\\StartSession->handle(Object(Illuminate\\Http\\Request), Object(Closure))
#62 E:\\_project\\_ring\\vendor\\laravel\\framework\\src\\Illuminate\\Cookie\\Middleware\\AddQueuedCookiesToResponse.php(37): Illuminate\\Pipeline\\Pipeline->Illuminate\\Pipeline\\{closure}(Object(Illuminate\\Http\\Request))
#63 E:\\_project\\_ring\\vendor\\laravel\\framework\\src\\Illuminate\\Pipeline\\Pipeline.php(167): Illuminate\\Cookie\\Middleware\\AddQueuedCookiesToResponse->handle(Object(Illuminate\\Http\\Request), Object(Closure))
#64 E:\\_project\\_ring\\vendor\\laravel\\framework\\src\\Illuminate\\Cookie\\Middleware\\EncryptCookies.php(67): Illuminate\\Pipeline\\Pipeline->Illuminate\\Pipeline\\{closure}(Object(Illuminate\\Http\\Request))
#65 E:\\_project\\_ring\\vendor\\laravel\\framework\\src\\Illuminate\\Pipeline\\Pipeline.php(167): Illuminate\\Cookie\\Middleware\\EncryptCookies->handle(Object(Illuminate\\Http\\Request), Object(Closure))
#66 E:\\_project\\_ring\\vendor\\laravel\\framework\\src\\Illuminate\\Pipeline\\Pipeline.php(103): Illuminate\\Pipeline\\Pipeline->Illuminate\\Pipeline\\{closure}(Object(Illuminate\\Http\\Request))
#67 E:\\_project\\_ring\\vendor\\laravel\\framework\\src\\Illuminate\\Routing\\Router.php(719): Illuminate\\Pipeline\\Pipeline->then(Object(Closure))
#68 E:\\_project\\_ring\\vendor\\laravel\\framework\\src\\Illuminate\\Routing\\Router.php(698): Illuminate\\Routing\\Router->runRouteWithinStack(Object(Illuminate\\Routing\\Route), Object(Illuminate\\Http\\Request))
#69 E:\\_project\\_ring\\vendor\\laravel\\framework\\src\\Illuminate\\Routing\\Router.php(662): Illuminate\\Routing\\Router->runRoute(Object(Illuminate\\Http\\Request), Object(Illuminate\\Routing\\Route))
#70 E:\\_project\\_ring\\vendor\\laravel\\framework\\src\\Illuminate\\Routing\\Router.php(651): Illuminate\\Routing\\Router->dispatchToRoute(Object(Illuminate\\Http\\Request))
#71 E:\\_project\\_ring\\vendor\\laravel\\framework\\src\\Illuminate\\Foundation\\Http\\Kernel.php(167): Illuminate\\Routing\\Router->dispatch(Object(Illuminate\\Http\\Request))
#72 E:\\_project\\_ring\\vendor\\laravel\\framework\\src\\Illuminate\\Pipeline\\Pipeline.php(128): Illuminate\\Foundation\\Http\\Kernel->Illuminate\\Foundation\\Http\\{closure}(Object(Illuminate\\Http\\Request))
#73 E:\\_project\\_ring\\platform\\core\\js-validation\\src\\RemoteValidationMiddleware.php(61): Illuminate\\Pipeline\\Pipeline->Illuminate\\Pipeline\\{closure}(Object(Illuminate\\Http\\Request))
#74 E:\\_project\\_ring\\vendor\\laravel\\framework\\src\\Illuminate\\Pipeline\\Pipeline.php(167): Botble\\JsValidation\\RemoteValidationMiddleware->handle(Object(Illuminate\\Http\\Request), Object(Closure))
#75 E:\\_project\\_ring\\vendor\\barryvdh\\laravel-debugbar\\src\\Middleware\\InjectDebugbar.php(66): Illuminate\\Pipeline\\Pipeline->Illuminate\\Pipeline\\{closure}(Object(Illuminate\\Http\\Request))
#76 E:\\_project\\_ring\\vendor\\laravel\\framework\\src\\Illuminate\\Pipeline\\Pipeline.php(167): Barryvdh\\Debugbar\\Middleware\\InjectDebugbar->handle(Object(Illuminate\\Http\\Request), Object(Closure))
#77 E:\\_project\\_ring\\vendor\\laravel\\framework\\src\\Illuminate\\Foundation\\Http\\Middleware\\TransformsRequest.php(21): Illuminate\\Pipeline\\Pipeline->Illuminate\\Pipeline\\{closure}(Object(Illuminate\\Http\\Request))
#78 E:\\_project\\_ring\\vendor\\laravel\\framework\\src\\Illuminate\\Foundation\\Http\\Middleware\\ConvertEmptyStringsToNull.php(31): Illuminate\\Foundation\\Http\\Middleware\\TransformsRequest->handle(Object(Illuminate\\Http\\Request), Object(Closure))
#79 E:\\_project\\_ring\\vendor\\laravel\\framework\\src\\Illuminate\\Pipeline\\Pipeline.php(167): Illuminate\\Foundation\\Http\\Middleware\\ConvertEmptyStringsToNull->handle(Object(Illuminate\\Http\\Request), Object(Closure))
#80 E:\\_project\\_ring\\vendor\\laravel\\framework\\src\\Illuminate\\Foundation\\Http\\Middleware\\TransformsRequest.php(21): Illuminate\\Pipeline\\Pipeline->Illuminate\\Pipeline\\{closure}(Object(Illuminate\\Http\\Request))
#81 E:\\_project\\_ring\\vendor\\laravel\\framework\\src\\Illuminate\\Foundation\\Http\\Middleware\\TrimStrings.php(40): Illuminate\\Foundation\\Http\\Middleware\\TransformsRequest->handle(Object(Illuminate\\Http\\Request), Object(Closure))
#82 E:\\_project\\_ring\\vendor\\laravel\\framework\\src\\Illuminate\\Pipeline\\Pipeline.php(167): Illuminate\\Foundation\\Http\\Middleware\\TrimStrings->handle(Object(Illuminate\\Http\\Request), Object(Closure))
#83 E:\\_project\\_ring\\vendor\\laravel\\framework\\src\\Illuminate\\Foundation\\Http\\Middleware\\ValidatePostSize.php(27): Illuminate\\Pipeline\\Pipeline->Illuminate\\Pipeline\\{closure}(Object(Illuminate\\Http\\Request))
#84 E:\\_project\\_ring\\vendor\\laravel\\framework\\src\\Illuminate\\Pipeline\\Pipeline.php(167): Illuminate\\Foundation\\Http\\Middleware\\ValidatePostSize->handle(Object(Illuminate\\Http\\Request), Object(Closure))
#85 E:\\_project\\_ring\\vendor\\laravel\\framework\\src\\Illuminate\\Foundation\\Http\\Middleware\\PreventRequestsDuringMaintenance.php(86): Illuminate\\Pipeline\\Pipeline->Illuminate\\Pipeline\\{closure}(Object(Illuminate\\Http\\Request))
#86 E:\\_project\\_ring\\vendor\\laravel\\framework\\src\\Illuminate\\Pipeline\\Pipeline.php(167): Illuminate\\Foundation\\Http\\Middleware\\PreventRequestsDuringMaintenance->handle(Object(Illuminate\\Http\\Request), Object(Closure))
#87 E:\\_project\\_ring\\vendor\\fruitcake\\laravel-cors\\src\\HandleCors.php(38): Illuminate\\Pipeline\\Pipeline->Illuminate\\Pipeline\\{closure}(Object(Illuminate\\Http\\Request))
#88 E:\\_project\\_ring\\vendor\\laravel\\framework\\src\\Illuminate\\Pipeline\\Pipeline.php(167): Fruitcake\\Cors\\HandleCors->handle(Object(Illuminate\\Http\\Request), Object(Closure))
#89 E:\\_project\\_ring\\vendor\\laravel\\framework\\src\\Illuminate\\Http\\Middleware\\TrustProxies.php(39): Illuminate\\Pipeline\\Pipeline->Illuminate\\Pipeline\\{closure}(Object(Illuminate\\Http\\Request))
#90 E:\\_project\\_ring\\vendor\\laravel\\framework\\src\\Illuminate\\Pipeline\\Pipeline.php(167): Illuminate\\Http\\Middleware\\TrustProxies->handle(Object(Illuminate\\Http\\Request), Object(Closure))
#91 E:\\_project\\_ring\\vendor\\laravel\\framework\\src\\Illuminate\\Pipeline\\Pipeline.php(103): Illuminate\\Pipeline\\Pipeline->Illuminate\\Pipeline\\{closure}(Object(Illuminate\\Http\\Request))
#92 E:\\_project\\_ring\\vendor\\laravel\\framework\\src\\Illuminate\\Foundation\\Http\\Kernel.php(142): Illuminate\\Pipeline\\Pipeline->then(Object(Closure))
#93 E:\\_project\\_ring\\vendor\\laravel\\framework\\src\\Illuminate\\Foundation\\Http\\Kernel.php(111): Illuminate\\Foundation\\Http\\Kernel->sendRequestThroughRouter(Object(Illuminate\\Http\\Request))
#94 E:\\_project\\_ring\\public\\index.php(55): Illuminate\\Foundation\\Http\\Kernel->handle(Object(Illuminate\\Http\\Request))
#95 E:\\_project\\_ring\\server.php(21): require_once('E:\\\\_project\\\\_ri...')
#96 {main}

[previous exception] [object] (Illuminate\\Database\\QueryException(code: 42S02): SQLSTATE[42S02]: Base table or view not found: 1146 Table 'nest.menus' doesn't exist (SQL: select * from `menus` where `status` = published) at E:\\_project\\_ring\\vendor\\laravel\\framework\\src\\Illuminate\\Database\\Connection.php:712)
[stacktrace]
#0 E:\\_project\\_ring\\vendor\\laravel\\framework\\src\\Illuminate\\Database\\Connection.php(672): Illuminate\\Database\\Connection->runQueryCallback('select * from `...', Array, Object(Closure))
#1 E:\\_project\\_ring\\vendor\\laravel\\framework\\src\\Illuminate\\Database\\Connection.php(359): Illuminate\\Database\\Connection->run('select * from `...', Array, Object(Closure))
#2 E:\\_project\\_ring\\vendor\\laravel\\framework\\src\\Illuminate\\Database\\Query\\Builder.php(2413): Illuminate\\Database\\Connection->select('select * from `...', Array, true)
#3 E:\\_project\\_ring\\vendor\\laravel\\framework\\src\\Illuminate\\Database\\Query\\Builder.php(2402): Illuminate\\Database\\Query\\Builder->runSelect()
#4 E:\\_project\\_ring\\vendor\\laravel\\framework\\src\\Illuminate\\Database\\Query\\Builder.php(2936): Illuminate\\Database\\Query\\Builder->Illuminate\\Database\\Query\\{closure}()
#5 E:\\_project\\_ring\\vendor\\laravel\\framework\\src\\Illuminate\\Database\\Query\\Builder.php(2401): Illuminate\\Database\\Query\\Builder->onceWithColumns(Array, Object(Closure))
#6 E:\\_project\\_ring\\vendor\\laravel\\framework\\src\\Illuminate\\Database\\Eloquent\\Builder.php(625): Illuminate\\Database\\Query\\Builder->get(Array)
#7 E:\\_project\\_ring\\vendor\\laravel\\framework\\src\\Illuminate\\Database\\Eloquent\\Builder.php(609): Illuminate\\Database\\Eloquent\\Builder->getModels(Array)
#8 E:\\_project\\_ring\\platform\\core\\support\\src\\Repositories\\Eloquent\\RepositoriesAbstract.php(158): Illuminate\\Database\\Eloquent\\Builder->get()
#9 [internal function]: Botble\\Support\\Repositories\\Eloquent\\RepositoriesAbstract->allBy(Array, Array)
#10 E:\\_project\\_ring\\platform\\core\\support\\src\\Repositories\\Caches\\CacheAbstractDecorator.php(51): call_user_func_array(Array, Array)
#11 E:\\_project\\_ring\\platform\\core\\support\\src\\Repositories\\Caches\\CacheAbstractDecorator.php(192): Botble\\Support\\Repositories\\Caches\\CacheAbstractDecorator->getDataIfExistCache('allBy', Array)
#12 E:\\_project\\_ring\\platform\\packages\\menu\\src\\Menu.php(293): Botble\\Support\\Repositories\\Caches\\CacheAbstractDecorator->allBy(Array, Array)
#13 E:\\_project\\_ring\\platform\\packages\\menu\\src\\Menu.php(283): Botble\\Menu\\Menu->read()
#14 E:\\_project\\_ring\\platform\\packages\\menu\\src\\Menu.php(241): Botble\\Menu\\Menu->load()
#15 E:\\_project\\_ring\\vendor\\laravel\\framework\\src\\Illuminate\\Support\\Facades\\Facade.php(261): Botble\\Menu\\Menu->renderMenuLocation('header-navigati...', Array)
#16 E:\\_project\\_ring\\storage\\framework\\views\\8a8d53cb35368f1005d3f2c42d34386b1be8b66d.php(80): Illuminate\\Support\\Facades\\Facade::__callStatic('renderMenuLocat...', Array)
#17 E:\\_project\\_ring\\vendor\\laravel\\framework\\src\\Illuminate\\Filesystem\\Filesystem.php(107): require('E:\\\\_project\\\\_ri...')
#18 E:\\_project\\_ring\\vendor\\laravel\\framework\\src\\Illuminate\\Filesystem\\Filesystem.php(108): Illuminate\\Filesystem\\Filesystem::Illuminate\\Filesystem\\{closure}()
#19 E:\\_project\\_ring\\vendor\\laravel\\framework\\src\\Illuminate\\View\\Engines\\PhpEngine.php(58): Illuminate\\Filesystem\\Filesystem->getRequire('E:\\\\_project\\\\_ri...', Array)
#20 E:\\_project\\_ring\\vendor\\laravel\\framework\\src\\Illuminate\\View\\Engines\\CompilerEngine.php(61): Illuminate\\View\\Engines\\PhpEngine->evaluatePath('E:\\\\_project\\\\_ri...', Array)
#21 E:\\_project\\_ring\\vendor\\facade\\ignition\\src\\Views\\Engines\\CompilerEngine.php(37): Illuminate\\View\\Engines\\CompilerEngine->get('E:\\\\_project\\\\_ri...', Array)
#22 E:\\_project\\_ring\\vendor\\laravel\\framework\\src\\Illuminate\\View\\View.php(139): Facade\\Ignition\\Views\\Engines\\CompilerEngine->get('E:\\\\_project\\\\_ri...', Array)
#23 E:\\_project\\_ring\\platform\\packages\\shortcode\\src\\View\\View.php(83): Illuminate\\View\\View->getContents()
#24 E:\\_project\\_ring\\vendor\\laravel\\framework\\src\\Illuminate\\View\\View.php(91): Botble\\Shortcode\\View\\View->renderContents()
#25 E:\\_project\\_ring\\platform\\packages\\theme\\src\\Theme.php(648): Illuminate\\View\\View->render()
#26 E:\\_project\\_ring\\platform\\packages\\theme\\src\\Theme.php(628): Botble\\Theme\\Theme->loadPartial('header', 'theme.nest::par...', Array)
#27 E:\\_project\\_ring\\vendor\\laravel\\framework\\src\\Illuminate\\Support\\Facades\\Facade.php(261): Botble\\Theme\\Theme->partial('header')
#28 E:\\_project\\_ring\\storage\\framework\\views\\b59981555ac83fdb728df709f717c972c4df646a.php(1): Illuminate\\Support\\Facades\\Facade::__callStatic('partial', Array)
#29 E:\\_project\\_ring\\vendor\\laravel\\framework\\src\\Illuminate\\Filesystem\\Filesystem.php(107): require('E:\\\\_project\\\\_ri...')
#30 E:\\_project\\_ring\\vendor\\laravel\\framework\\src\\Illuminate\\Filesystem\\Filesystem.php(108): Illuminate\\Filesystem\\Filesystem::Illuminate\\Filesystem\\{closure}()
#31 E:\\_project\\_ring\\vendor\\laravel\\framework\\src\\Illuminate\\View\\Engines\\PhpEngine.php(58): Illuminate\\Filesystem\\Filesystem->getRequire('E:\\\\_project\\\\_ri...', Array)
#32 E:\\_project\\_ring\\vendor\\laravel\\framework\\src\\Illuminate\\View\\Engines\\CompilerEngine.php(61): Illuminate\\View\\Engines\\PhpEngine->evaluatePath('E:\\\\_project\\\\_ri...', Array)
#33 E:\\_project\\_ring\\vendor\\facade\\ignition\\src\\Views\\Engines\\CompilerEngine.php(37): Illuminate\\View\\Engines\\CompilerEngine->get('E:\\\\_project\\\\_ri...', Array)
#34 E:\\_project\\_ring\\vendor\\laravel\\framework\\src\\Illuminate\\View\\View.php(139): Facade\\Ignition\\Views\\Engines\\CompilerEngine->get('E:\\\\_project\\\\_ri...', Array)
#35 E:\\_project\\_ring\\platform\\packages\\shortcode\\src\\View\\View.php(83): Illuminate\\View\\View->getContents()
#36 E:\\_project\\_ring\\vendor\\laravel\\framework\\src\\Illuminate\\View\\View.php(91): Botble\\Shortcode\\View\\View->renderContents()
#37 E:\\_project\\_ring\\platform\\packages\\theme\\src\\Theme.php(1012): Illuminate\\View\\View->render()
#38 E:\\_project\\_ring\\platform\\packages\\theme\\src\\Http\\Controllers\\PublicController.php(85): Botble\\Theme\\Theme->render()
#39 E:\\_project\\_ring\\vendor\\laravel\\framework\\src\\Illuminate\\Routing\\Controller.php(54): Botble\\Theme\\Http\\Controllers\\PublicController->getIndex()
#40 E:\\_project\\_ring\\vendor\\laravel\\framework\\src\\Illuminate\\Routing\\ControllerDispatcher.php(45): Illuminate\\Routing\\Controller->callAction('getIndex', Array)
#41 E:\\_project\\_ring\\vendor\\laravel\\framework\\src\\Illuminate\\Routing\\Route.php(261): Illuminate\\Routing\\ControllerDispatcher->dispatch(Object(Illuminate\\Routing\\Route), Object(Theme\\Nest\\Http\\Controllers\\NestController), 'getIndex')
#42 E:\\_project\\_ring\\vendor\\laravel\\framework\\src\\Illuminate\\Routing\\Route.php(205): Illuminate\\Routing\\Route->runController()
#43 E:\\_project\\_ring\\vendor\\laravel\\framework\\src\\Illuminate\\Routing\\Router.php(721): Illuminate\\Routing\\Route->run()
#44 E:\\_project\\_ring\\vendor\\laravel\\framework\\src\\Illuminate\\Pipeline\\Pipeline.php(128): Illuminate\\Routing\\Router->Illuminate\\Routing\\{closure}(Object(Illuminate\\Http\\Request))
#45 E:\\_project\\_ring\\platform\\core\\base\\src\\Http\\Middleware\\CoreMiddleware.php(18): Illuminate\\Pipeline\\Pipeline->Illuminate\\Pipeline\\{closure}(Object(Illuminate\\Http\\Request))
#46 E:\\_project\\_ring\\vendor\\laravel\\framework\\src\\Illuminate\\Pipeline\\Pipeline.php(167): Botble\\Base\\Http\\Middleware\\CoreMiddleware->handle(Object(Illuminate\\Http\\Request), Object(Closure))
#47 E:\\_project\\_ring\\platform\\packages\\theme\\src\\Http\\Middleware\\AdminBarMiddleware.php(49): Illuminate\\Pipeline\\Pipeline->Illuminate\\Pipeline\\{closure}(Object(Illuminate\\Http\\Request))
#48 E:\\_project\\_ring\\vendor\\laravel\\framework\\src\\Illuminate\\Pipeline\\Pipeline.php(167): Botble\\Theme\\Http\\Middleware\\AdminBarMiddleware->handle(Object(Illuminate\\Http\\Request), Object(Closure))
#49 E:\\_project\\_ring\\platform\\core\\base\\src\\Http\\Middleware\\HttpsProtocolMiddleware.php(22): Illuminate\\Pipeline\\Pipeline->Illuminate\\Pipeline\\{closure}(Object(Illuminate\\Http\\Request))
#50 E:\\_project\\_ring\\vendor\\laravel\\framework\\src\\Illuminate\\Pipeline\\Pipeline.php(167): Botble\\Base\\Http\\Middleware\\HttpsProtocolMiddleware->handle(Object(Illuminate\\Http\\Request), Object(Closure))
#51 E:\\_project\\_ring\\platform\\core\\base\\src\\Http\\Middleware\\LocaleMiddleware.php(38): Illuminate\\Pipeline\\Pipeline->Illuminate\\Pipeline\\{closure}(Object(Illuminate\\Http\\Request))
#52 E:\\_project\\_ring\\vendor\\laravel\\framework\\src\\Illuminate\\Pipeline\\Pipeline.php(167): Botble\\Base\\Http\\Middleware\\LocaleMiddleware->handle(Object(Illuminate\\Http\\Request), Object(Closure))
#53 E:\\_project\\_ring\\vendor\\laravel\\framework\\src\\Illuminate\\Routing\\Middleware\\SubstituteBindings.php(50): Illuminate\\Pipeline\\Pipeline->Illuminate\\Pipeline\\{closure}(Object(Illuminate\\Http\\Request))
#54 E:\\_project\\_ring\\vendor\\laravel\\framework\\src\\Illuminate\\Pipeline\\Pipeline.php(167): Illuminate\\Routing\\Middleware\\SubstituteBindings->handle(Object(Illuminate\\Http\\Request), Object(Closure))
#55 E:\\_project\\_ring\\vendor\\laravel\\framework\\src\\Illuminate\\Foundation\\Http\\Middleware\\VerifyCsrfToken.php(78): Illuminate\\Pipeline\\Pipeline->Illuminate\\Pipeline\\{closure}(Object(Illuminate\\Http\\Request))
#56 E:\\_project\\_ring\\vendor\\laravel\\framework\\src\\Illuminate\\Pipeline\\Pipeline.php(167): Illuminate\\Foundation\\Http\\Middleware\\VerifyCsrfToken->handle(Object(Illuminate\\Http\\Request), Object(Closure))
#57 E:\\_project\\_ring\\vendor\\laravel\\framework\\src\\Illuminate\\View\\Middleware\\ShareErrorsFromSession.php(49): Illuminate\\Pipeline\\Pipeline->Illuminate\\Pipeline\\{closure}(Object(Illuminate\\Http\\Request))
#58 E:\\_project\\_ring\\vendor\\laravel\\framework\\src\\Illuminate\\Pipeline\\Pipeline.php(167): Illuminate\\View\\Middleware\\ShareErrorsFromSession->handle(Object(Illuminate\\Http\\Request), Object(Closure))
#59 E:\\_project\\_ring\\vendor\\laravel\\framework\\src\\Illuminate\\Session\\Middleware\\StartSession.php(121): Illuminate\\Pipeline\\Pipeline->Illuminate\\Pipeline\\{closure}(Object(Illuminate\\Http\\Request))
#60 E:\\_project\\_ring\\vendor\\laravel\\framework\\src\\Illuminate\\Session\\Middleware\\StartSession.php(64): Illuminate\\Session\\Middleware\\StartSession->handleStatefulRequest(Object(Illuminate\\Http\\Request), Object(Illuminate\\Session\\Store), Object(Closure))
#61 E:\\_project\\_ring\\vendor\\laravel\\framework\\src\\Illuminate\\Pipeline\\Pipeline.php(167): Illuminate\\Session\\Middleware\\StartSession->handle(Object(Illuminate\\Http\\Request), Object(Closure))
#62 E:\\_project\\_ring\\vendor\\laravel\\framework\\src\\Illuminate\\Cookie\\Middleware\\AddQueuedCookiesToResponse.php(37): Illuminate\\Pipeline\\Pipeline->Illuminate\\Pipeline\\{closure}(Object(Illuminate\\Http\\Request))
#63 E:\\_project\\_ring\\vendor\\laravel\\framework\\src\\Illuminate\\Pipeline\\Pipeline.php(167): Illuminate\\Cookie\\Middleware\\AddQueuedCookiesToResponse->handle(Object(Illuminate\\Http\\Request), Object(Closure))
#64 E:\\_project\\_ring\\vendor\\laravel\\framework\\src\\Illuminate\\Cookie\\Middleware\\EncryptCookies.php(67): Illuminate\\Pipeline\\Pipeline->Illuminate\\Pipeline\\{closure}(Object(Illuminate\\Http\\Request))
#65 E:\\_project\\_ring\\vendor\\laravel\\framework\\src\\Illuminate\\Pipeline\\Pipeline.php(167): Illuminate\\Cookie\\Middleware\\EncryptCookies->handle(Object(Illuminate\\Http\\Request), Object(Closure))
#66 E:\\_project\\_ring\\vendor\\laravel\\framework\\src\\Illuminate\\Pipeline\\Pipeline.php(103): Illuminate\\Pipeline\\Pipeline->Illuminate\\Pipeline\\{closure}(Object(Illuminate\\Http\\Request))
#67 E:\\_project\\_ring\\vendor\\laravel\\framework\\src\\Illuminate\\Routing\\Router.php(719): Illuminate\\Pipeline\\Pipeline->then(Object(Closure))
#68 E:\\_project\\_ring\\vendor\\laravel\\framework\\src\\Illuminate\\Routing\\Router.php(698): Illuminate\\Routing\\Router->runRouteWithinStack(Object(Illuminate\\Routing\\Route), Object(Illuminate\\Http\\Request))
#69 E:\\_project\\_ring\\vendor\\laravel\\framework\\src\\Illuminate\\Routing\\Router.php(662): Illuminate\\Routing\\Router->runRoute(Object(Illuminate\\Http\\Request), Object(Illuminate\\Routing\\Route))
#70 E:\\_project\\_ring\\vendor\\laravel\\framework\\src\\Illuminate\\Routing\\Router.php(651): Illuminate\\Routing\\Router->dispatchToRoute(Object(Illuminate\\Http\\Request))
#71 E:\\_project\\_ring\\vendor\\laravel\\framework\\src\\Illuminate\\Foundation\\Http\\Kernel.php(167): Illuminate\\Routing\\Router->dispatch(Object(Illuminate\\Http\\Request))
#72 E:\\_project\\_ring\\vendor\\laravel\\framework\\src\\Illuminate\\Pipeline\\Pipeline.php(128): Illuminate\\Foundation\\Http\\Kernel->Illuminate\\Foundation\\Http\\{closure}(Object(Illuminate\\Http\\Request))
#73 E:\\_project\\_ring\\platform\\core\\js-validation\\src\\RemoteValidationMiddleware.php(61): Illuminate\\Pipeline\\Pipeline->Illuminate\\Pipeline\\{closure}(Object(Illuminate\\Http\\Request))
#74 E:\\_project\\_ring\\vendor\\laravel\\framework\\src\\Illuminate\\Pipeline\\Pipeline.php(167): Botble\\JsValidation\\RemoteValidationMiddleware->handle(Object(Illuminate\\Http\\Request), Object(Closure))
#75 E:\\_project\\_ring\\vendor\\barryvdh\\laravel-debugbar\\src\\Middleware\\InjectDebugbar.php(66): Illuminate\\Pipeline\\Pipeline->Illuminate\\Pipeline\\{closure}(Object(Illuminate\\Http\\Request))
#76 E:\\_project\\_ring\\vendor\\laravel\\framework\\src\\Illuminate\\Pipeline\\Pipeline.php(167): Barryvdh\\Debugbar\\Middleware\\InjectDebugbar->handle(Object(Illuminate\\Http\\Request), Object(Closure))
#77 E:\\_project\\_ring\\vendor\\laravel\\framework\\src\\Illuminate\\Foundation\\Http\\Middleware\\TransformsRequest.php(21): Illuminate\\Pipeline\\Pipeline->Illuminate\\Pipeline\\{closure}(Object(Illuminate\\Http\\Request))
#78 E:\\_project\\_ring\\vendor\\laravel\\framework\\src\\Illuminate\\Foundation\\Http\\Middleware\\ConvertEmptyStringsToNull.php(31): Illuminate\\Foundation\\Http\\Middleware\\TransformsRequest->handle(Object(Illuminate\\Http\\Request), Object(Closure))
#79 E:\\_project\\_ring\\vendor\\laravel\\framework\\src\\Illuminate\\Pipeline\\Pipeline.php(167): Illuminate\\Foundation\\Http\\Middleware\\ConvertEmptyStringsToNull->handle(Object(Illuminate\\Http\\Request), Object(Closure))
#80 E:\\_project\\_ring\\vendor\\laravel\\framework\\src\\Illuminate\\Foundation\\Http\\Middleware\\TransformsRequest.php(21): Illuminate\\Pipeline\\Pipeline->Illuminate\\Pipeline\\{closure}(Object(Illuminate\\Http\\Request))
#81 E:\\_project\\_ring\\vendor\\laravel\\framework\\src\\Illuminate\\Foundation\\Http\\Middleware\\TrimStrings.php(40): Illuminate\\Foundation\\Http\\Middleware\\TransformsRequest->handle(Object(Illuminate\\Http\\Request), Object(Closure))
#82 E:\\_project\\_ring\\vendor\\laravel\\framework\\src\\Illuminate\\Pipeline\\Pipeline.php(167): Illuminate\\Foundation\\Http\\Middleware\\TrimStrings->handle(Object(Illuminate\\Http\\Request), Object(Closure))
#83 E:\\_project\\_ring\\vendor\\laravel\\framework\\src\\Illuminate\\Foundation\\Http\\Middleware\\ValidatePostSize.php(27): Illuminate\\Pipeline\\Pipeline->Illuminate\\Pipeline\\{closure}(Object(Illuminate\\Http\\Request))
#84 E:\\_project\\_ring\\vendor\\laravel\\framework\\src\\Illuminate\\Pipeline\\Pipeline.php(167): Illuminate\\Foundation\\Http\\Middleware\\ValidatePostSize->handle(Object(Illuminate\\Http\\Request), Object(Closure))
#85 E:\\_project\\_ring\\vendor\\laravel\\framework\\src\\Illuminate\\Foundation\\Http\\Middleware\\PreventRequestsDuringMaintenance.php(86): Illuminate\\Pipeline\\Pipeline->Illuminate\\Pipeline\\{closure}(Object(Illuminate\\Http\\Request))
#86 E:\\_project\\_ring\\vendor\\laravel\\framework\\src\\Illuminate\\Pipeline\\Pipeline.php(167): Illuminate\\Foundation\\Http\\Middleware\\PreventRequestsDuringMaintenance->handle(Object(Illuminate\\Http\\Request), Object(Closure))
#87 E:\\_project\\_ring\\vendor\\fruitcake\\laravel-cors\\src\\HandleCors.php(38): Illuminate\\Pipeline\\Pipeline->Illuminate\\Pipeline\\{closure}(Object(Illuminate\\Http\\Request))
#88 E:\\_project\\_ring\\vendor\\laravel\\framework\\src\\Illuminate\\Pipeline\\Pipeline.php(167): Fruitcake\\Cors\\HandleCors->handle(Object(Illuminate\\Http\\Request), Object(Closure))
#89 E:\\_project\\_ring\\vendor\\laravel\\framework\\src\\Illuminate\\Http\\Middleware\\TrustProxies.php(39): Illuminate\\Pipeline\\Pipeline->Illuminate\\Pipeline\\{closure}(Object(Illuminate\\Http\\Request))
#90 E:\\_project\\_ring\\vendor\\laravel\\framework\\src\\Illuminate\\Pipeline\\Pipeline.php(167): Illuminate\\Http\\Middleware\\TrustProxies->handle(Object(Illuminate\\Http\\Request), Object(Closure))
#91 E:\\_project\\_ring\\vendor\\laravel\\framework\\src\\Illuminate\\Pipeline\\Pipeline.php(103): Illuminate\\Pipeline\\Pipeline->Illuminate\\Pipeline\\{closure}(Object(Illuminate\\Http\\Request))
#92 E:\\_project\\_ring\\vendor\\laravel\\framework\\src\\Illuminate\\Foundation\\Http\\Kernel.php(142): Illuminate\\Pipeline\\Pipeline->then(Object(Closure))
#93 E:\\_project\\_ring\\vendor\\laravel\\framework\\src\\Illuminate\\Foundation\\Http\\Kernel.php(111): Illuminate\\Foundation\\Http\\Kernel->sendRequestThroughRouter(Object(Illuminate\\Http\\Request))
#94 E:\\_project\\_ring\\public\\index.php(55): Illuminate\\Foundation\\Http\\Kernel->handle(Object(Illuminate\\Http\\Request))
#95 E:\\_project\\_ring\\server.php(21): require_once('E:\\\\_project\\\\_ri...')
#96 {main}

[previous exception] [object] (PDOException(code: 42S02): SQLSTATE[42S02]: Base table or view not found: 1146 Table 'nest.menus' doesn't exist at E:\\_project\\_ring\\vendor\\laravel\\framework\\src\\Illuminate\\Database\\Connection.php:368)
[stacktrace]
#0 E:\\_project\\_ring\\vendor\\laravel\\framework\\src\\Illuminate\\Database\\Connection.php(368): PDO->prepare('select * from `...')
#1 E:\\_project\\_ring\\vendor\\laravel\\framework\\src\\Illuminate\\Database\\Connection.php(705): Illuminate\\Database\\Connection->Illuminate\\Database\\{closure}('select * from `...', Array)
#2 E:\\_project\\_ring\\vendor\\laravel\\framework\\src\\Illuminate\\Database\\Connection.php(672): Illuminate\\Database\\Connection->runQueryCallback('select * from `...', Array, Object(Closure))
#3 E:\\_project\\_ring\\vendor\\laravel\\framework\\src\\Illuminate\\Database\\Connection.php(359): Illuminate\\Database\\Connection->run('select * from `...', Array, Object(Closure))
#4 E:\\_project\\_ring\\vendor\\laravel\\framework\\src\\Illuminate\\Database\\Query\\Builder.php(2413): Illuminate\\Database\\Connection->select('select * from `...', Array, true)
#5 E:\\_project\\_ring\\vendor\\laravel\\framework\\src\\Illuminate\\Database\\Query\\Builder.php(2402): Illuminate\\Database\\Query\\Builder->runSelect()
#6 E:\\_project\\_ring\\vendor\\laravel\\framework\\src\\Illuminate\\Database\\Query\\Builder.php(2936): Illuminate\\Database\\Query\\Builder->Illuminate\\Database\\Query\\{closure}()
#7 E:\\_project\\_ring\\vendor\\laravel\\framework\\src\\Illuminate\\Database\\Query\\Builder.php(2401): Illuminate\\Database\\Query\\Builder->onceWithColumns(Array, Object(Closure))
#8 E:\\_project\\_ring\\vendor\\laravel\\framework\\src\\Illuminate\\Database\\Eloquent\\Builder.php(625): Illuminate\\Database\\Query\\Builder->get(Array)
#9 E:\\_project\\_ring\\vendor\\laravel\\framework\\src\\Illuminate\\Database\\Eloquent\\Builder.php(609): Illuminate\\Database\\Eloquent\\Builder->getModels(Array)
#10 E:\\_project\\_ring\\platform\\core\\support\\src\\Repositories\\Eloquent\\RepositoriesAbstract.php(158): Illuminate\\Database\\Eloquent\\Builder->get()
#11 [internal function]: Botble\\Support\\Repositories\\Eloquent\\RepositoriesAbstract->allBy(Array, Array)
#12 E:\\_project\\_ring\\platform\\core\\support\\src\\Repositories\\Caches\\CacheAbstractDecorator.php(51): call_user_func_array(Array, Array)
#13 E:\\_project\\_ring\\platform\\core\\support\\src\\Repositories\\Caches\\CacheAbstractDecorator.php(192): Botble\\Support\\Repositories\\Caches\\CacheAbstractDecorator->getDataIfExistCache('allBy', Array)
#14 E:\\_project\\_ring\\platform\\packages\\menu\\src\\Menu.php(293): Botble\\Support\\Repositories\\Caches\\CacheAbstractDecorator->allBy(Array, Array)
#15 E:\\_project\\_ring\\platform\\packages\\menu\\src\\Menu.php(283): Botble\\Menu\\Menu->read()
#16 E:\\_project\\_ring\\platform\\packages\\menu\\src\\Menu.php(241): Botble\\Menu\\Menu->load()
#17 E:\\_project\\_ring\\vendor\\laravel\\framework\\src\\Illuminate\\Support\\Facades\\Facade.php(261): Botble\\Menu\\Menu->renderMenuLocation('header-navigati...', Array)
#18 E:\\_project\\_ring\\storage\\framework\\views\\8a8d53cb35368f1005d3f2c42d34386b1be8b66d.php(80): Illuminate\\Support\\Facades\\Facade::__callStatic('renderMenuLocat...', Array)
#19 E:\\_project\\_ring\\vendor\\laravel\\framework\\src\\Illuminate\\Filesystem\\Filesystem.php(107): require('E:\\\\_project\\\\_ri...')
#20 E:\\_project\\_ring\\vendor\\laravel\\framework\\src\\Illuminate\\Filesystem\\Filesystem.php(108): Illuminate\\Filesystem\\Filesystem::Illuminate\\Filesystem\\{closure}()
#21 E:\\_project\\_ring\\vendor\\laravel\\framework\\src\\Illuminate\\View\\Engines\\PhpEngine.php(58): Illuminate\\Filesystem\\Filesystem->getRequire('E:\\\\_project\\\\_ri...', Array)
#22 E:\\_project\\_ring\\vendor\\laravel\\framework\\src\\Illuminate\\View\\Engines\\CompilerEngine.php(61): Illuminate\\View\\Engines\\PhpEngine->evaluatePath('E:\\\\_project\\\\_ri...', Array)
#23 E:\\_project\\_ring\\vendor\\facade\\ignition\\src\\Views\\Engines\\CompilerEngine.php(37): Illuminate\\View\\Engines\\CompilerEngine->get('E:\\\\_project\\\\_ri...', Array)
#24 E:\\_project\\_ring\\vendor\\laravel\\framework\\src\\Illuminate\\View\\View.php(139): Facade\\Ignition\\Views\\Engines\\CompilerEngine->get('E:\\\\_project\\\\_ri...', Array)
#25 E:\\_project\\_ring\\platform\\packages\\shortcode\\src\\View\\View.php(83): Illuminate\\View\\View->getContents()
#26 E:\\_project\\_ring\\vendor\\laravel\\framework\\src\\Illuminate\\View\\View.php(91): Botble\\Shortcode\\View\\View->renderContents()
#27 E:\\_project\\_ring\\platform\\packages\\theme\\src\\Theme.php(648): Illuminate\\View\\View->render()
#28 E:\\_project\\_ring\\platform\\packages\\theme\\src\\Theme.php(628): Botble\\Theme\\Theme->loadPartial('header', 'theme.nest::par...', Array)
#29 E:\\_project\\_ring\\vendor\\laravel\\framework\\src\\Illuminate\\Support\\Facades\\Facade.php(261): Botble\\Theme\\Theme->partial('header')
#30 E:\\_project\\_ring\\storage\\framework\\views\\b59981555ac83fdb728df709f717c972c4df646a.php(1): Illuminate\\Support\\Facades\\Facade::__callStatic('partial', Array)
#31 E:\\_project\\_ring\\vendor\\laravel\\framework\\src\\Illuminate\\Filesystem\\Filesystem.php(107): require('E:\\\\_project\\\\_ri...')
#32 E:\\_project\\_ring\\vendor\\laravel\\framework\\src\\Illuminate\\Filesystem\\Filesystem.php(108): Illuminate\\Filesystem\\Filesystem::Illuminate\\Filesystem\\{closure}()
#33 E:\\_project\\_ring\\vendor\\laravel\\framework\\src\\Illuminate\\View\\Engines\\PhpEngine.php(58): Illuminate\\Filesystem\\Filesystem->getRequire('E:\\\\_project\\\\_ri...', Array)
#34 E:\\_project\\_ring\\vendor\\laravel\\framework\\src\\Illuminate\\View\\Engines\\CompilerEngine.php(61): Illuminate\\View\\Engines\\PhpEngine->evaluatePath('E:\\\\_project\\\\_ri...', Array)
#35 E:\\_project\\_ring\\vendor\\facade\\ignition\\src\\Views\\Engines\\CompilerEngine.php(37): Illuminate\\View\\Engines\\CompilerEngine->get('E:\\\\_project\\\\_ri...', Array)
#36 E:\\_project\\_ring\\vendor\\laravel\\framework\\src\\Illuminate\\View\\View.php(139): Facade\\Ignition\\Views\\Engines\\CompilerEngine->get('E:\\\\_project\\\\_ri...', Array)
#37 E:\\_project\\_ring\\platform\\packages\\shortcode\\src\\View\\View.php(83): Illuminate\\View\\View->getContents()
#38 E:\\_project\\_ring\\vendor\\laravel\\framework\\src\\Illuminate\\View\\View.php(91): Botble\\Shortcode\\View\\View->renderContents()
#39 E:\\_project\\_ring\\platform\\packages\\theme\\src\\Theme.php(1012): Illuminate\\View\\View->render()
#40 E:\\_project\\_ring\\platform\\packages\\theme\\src\\Http\\Controllers\\PublicController.php(85): Botble\\Theme\\Theme->render()
#41 E:\\_project\\_ring\\vendor\\laravel\\framework\\src\\Illuminate\\Routing\\Controller.php(54): Botble\\Theme\\Http\\Controllers\\PublicController->getIndex()
#42 E:\\_project\\_ring\\vendor\\laravel\\framework\\src\\Illuminate\\Routing\\ControllerDispatcher.php(45): Illuminate\\Routing\\Controller->callAction('getIndex', Array)
#43 E:\\_project\\_ring\\vendor\\laravel\\framework\\src\\Illuminate\\Routing\\Route.php(261): Illuminate\\Routing\\ControllerDispatcher->dispatch(Object(Illuminate\\Routing\\Route), Object(Theme\\Nest\\Http\\Controllers\\NestController), 'getIndex')
#44 E:\\_project\\_ring\\vendor\\laravel\\framework\\src\\Illuminate\\Routing\\Route.php(205): Illuminate\\Routing\\Route->runController()
#45 E:\\_project\\_ring\\vendor\\laravel\\framework\\src\\Illuminate\\Routing\\Router.php(721): Illuminate\\Routing\\Route->run()
#46 E:\\_project\\_ring\\vendor\\laravel\\framework\\src\\Illuminate\\Pipeline\\Pipeline.php(128): Illuminate\\Routing\\Router->Illuminate\\Routing\\{closure}(Object(Illuminate\\Http\\Request))
#47 E:\\_project\\_ring\\platform\\core\\base\\src\\Http\\Middleware\\CoreMiddleware.php(18): Illuminate\\Pipeline\\Pipeline->Illuminate\\Pipeline\\{closure}(Object(Illuminate\\Http\\Request))
#48 E:\\_project\\_ring\\vendor\\laravel\\framework\\src\\Illuminate\\Pipeline\\Pipeline.php(167): Botble\\Base\\Http\\Middleware\\CoreMiddleware->handle(Object(Illuminate\\Http\\Request), Object(Closure))
#49 E:\\_project\\_ring\\platform\\packages\\theme\\src\\Http\\Middleware\\AdminBarMiddleware.php(49): Illuminate\\Pipeline\\Pipeline->Illuminate\\Pipeline\\{closure}(Object(Illuminate\\Http\\Request))
#50 E:\\_project\\_ring\\vendor\\laravel\\framework\\src\\Illuminate\\Pipeline\\Pipeline.php(167): Botble\\Theme\\Http\\Middleware\\AdminBarMiddleware->handle(Object(Illuminate\\Http\\Request), Object(Closure))
#51 E:\\_project\\_ring\\platform\\core\\base\\src\\Http\\Middleware\\HttpsProtocolMiddleware.php(22): Illuminate\\Pipeline\\Pipeline->Illuminate\\Pipeline\\{closure}(Object(Illuminate\\Http\\Request))
#52 E:\\_project\\_ring\\vendor\\laravel\\framework\\src\\Illuminate\\Pipeline\\Pipeline.php(167): Botble\\Base\\Http\\Middleware\\HttpsProtocolMiddleware->handle(Object(Illuminate\\Http\\Request), Object(Closure))
#53 E:\\_project\\_ring\\platform\\core\\base\\src\\Http\\Middleware\\LocaleMiddleware.php(38): Illuminate\\Pipeline\\Pipeline->Illuminate\\Pipeline\\{closure}(Object(Illuminate\\Http\\Request))
#54 E:\\_project\\_ring\\vendor\\laravel\\framework\\src\\Illuminate\\Pipeline\\Pipeline.php(167): Botble\\Base\\Http\\Middleware\\LocaleMiddleware->handle(Object(Illuminate\\Http\\Request), Object(Closure))
#55 E:\\_project\\_ring\\vendor\\laravel\\framework\\src\\Illuminate\\Routing\\Middleware\\SubstituteBindings.php(50): Illuminate\\Pipeline\\Pipeline->Illuminate\\Pipeline\\{closure}(Object(Illuminate\\Http\\Request))
#56 E:\\_project\\_ring\\vendor\\laravel\\framework\\src\\Illuminate\\Pipeline\\Pipeline.php(167): Illuminate\\Routing\\Middleware\\SubstituteBindings->handle(Object(Illuminate\\Http\\Request), Object(Closure))
#57 E:\\_project\\_ring\\vendor\\laravel\\framework\\src\\Illuminate\\Foundation\\Http\\Middleware\\VerifyCsrfToken.php(78): Illuminate\\Pipeline\\Pipeline->Illuminate\\Pipeline\\{closure}(Object(Illuminate\\Http\\Request))
#58 E:\\_project\\_ring\\vendor\\laravel\\framework\\src\\Illuminate\\Pipeline\\Pipeline.php(167): Illuminate\\Foundation\\Http\\Middleware\\VerifyCsrfToken->handle(Object(Illuminate\\Http\\Request), Object(Closure))
#59 E:\\_project\\_ring\\vendor\\laravel\\framework\\src\\Illuminate\\View\\Middleware\\ShareErrorsFromSession.php(49): Illuminate\\Pipeline\\Pipeline->Illuminate\\Pipeline\\{closure}(Object(Illuminate\\Http\\Request))
#60 E:\\_project\\_ring\\vendor\\laravel\\framework\\src\\Illuminate\\Pipeline\\Pipeline.php(167): Illuminate\\View\\Middleware\\ShareErrorsFromSession->handle(Object(Illuminate\\Http\\Request), Object(Closure))
#61 E:\\_project\\_ring\\vendor\\laravel\\framework\\src\\Illuminate\\Session\\Middleware\\StartSession.php(121): Illuminate\\Pipeline\\Pipeline->Illuminate\\Pipeline\\{closure}(Object(Illuminate\\Http\\Request))
#62 E:\\_project\\_ring\\vendor\\laravel\\framework\\src\\Illuminate\\Session\\Middleware\\StartSession.php(64): Illuminate\\Session\\Middleware\\StartSession->handleStatefulRequest(Object(Illuminate\\Http\\Request), Object(Illuminate\\Session\\Store), Object(Closure))
#63 E:\\_project\\_ring\\vendor\\laravel\\framework\\src\\Illuminate\\Pipeline\\Pipeline.php(167): Illuminate\\Session\\Middleware\\StartSession->handle(Object(Illuminate\\Http\\Request), Object(Closure))
#64 E:\\_project\\_ring\\vendor\\laravel\\framework\\src\\Illuminate\\Cookie\\Middleware\\AddQueuedCookiesToResponse.php(37): Illuminate\\Pipeline\\Pipeline->Illuminate\\Pipeline\\{closure}(Object(Illuminate\\Http\\Request))
#65 E:\\_project\\_ring\\vendor\\laravel\\framework\\src\\Illuminate\\Pipeline\\Pipeline.php(167): Illuminate\\Cookie\\Middleware\\AddQueuedCookiesToResponse->handle(Object(Illuminate\\Http\\Request), Object(Closure))
#66 E:\\_project\\_ring\\vendor\\laravel\\framework\\src\\Illuminate\\Cookie\\Middleware\\EncryptCookies.php(67): Illuminate\\Pipeline\\Pipeline->Illuminate\\Pipeline\\{closure}(Object(Illuminate\\Http\\Request))
#67 E:\\_project\\_ring\\vendor\\laravel\\framework\\src\\Illuminate\\Pipeline\\Pipeline.php(167): Illuminate\\Cookie\\Middleware\\EncryptCookies->handle(Object(Illuminate\\Http\\Request), Object(Closure))
#68 E:\\_project\\_ring\\vendor\\laravel\\framework\\src\\Illuminate\\Pipeline\\Pipeline.php(103): Illuminate\\Pipeline\\Pipeline->Illuminate\\Pipeline\\{closure}(Object(Illuminate\\Http\\Request))
#69 E:\\_project\\_ring\\vendor\\laravel\\framework\\src\\Illuminate\\Routing\\Router.php(719): Illuminate\\Pipeline\\Pipeline->then(Object(Closure))
#70 E:\\_project\\_ring\\vendor\\laravel\\framework\\src\\Illuminate\\Routing\\Router.php(698): Illuminate\\Routing\\Router->runRouteWithinStack(Object(Illuminate\\Routing\\Route), Object(Illuminate\\Http\\Request))
#71 E:\\_project\\_ring\\vendor\\laravel\\framework\\src\\Illuminate\\Routing\\Router.php(662): Illuminate\\Routing\\Router->runRoute(Object(Illuminate\\Http\\Request), Object(Illuminate\\Routing\\Route))
#72 E:\\_project\\_ring\\vendor\\laravel\\framework\\src\\Illuminate\\Routing\\Router.php(651): Illuminate\\Routing\\Router->dispatchToRoute(Object(Illuminate\\Http\\Request))
#73 E:\\_project\\_ring\\vendor\\laravel\\framework\\src\\Illuminate\\Foundation\\Http\\Kernel.php(167): Illuminate\\Routing\\Router->dispatch(Object(Illuminate\\Http\\Request))
#74 E:\\_project\\_ring\\vendor\\laravel\\framework\\src\\Illuminate\\Pipeline\\Pipeline.php(128): Illuminate\\Foundation\\Http\\Kernel->Illuminate\\Foundation\\Http\\{closure}(Object(Illuminate\\Http\\Request))
#75 E:\\_project\\_ring\\platform\\core\\js-validation\\src\\RemoteValidationMiddleware.php(61): Illuminate\\Pipeline\\Pipeline->Illuminate\\Pipeline\\{closure}(Object(Illuminate\\Http\\Request))
#76 E:\\_project\\_ring\\vendor\\laravel\\framework\\src\\Illuminate\\Pipeline\\Pipeline.php(167): Botble\\JsValidation\\RemoteValidationMiddleware->handle(Object(Illuminate\\Http\\Request), Object(Closure))
#77 E:\\_project\\_ring\\vendor\\barryvdh\\laravel-debugbar\\src\\Middleware\\InjectDebugbar.php(66): Illuminate\\Pipeline\\Pipeline->Illuminate\\Pipeline\\{closure}(Object(Illuminate\\Http\\Request))
#78 E:\\_project\\_ring\\vendor\\laravel\\framework\\src\\Illuminate\\Pipeline\\Pipeline.php(167): Barryvdh\\Debugbar\\Middleware\\InjectDebugbar->handle(Object(Illuminate\\Http\\Request), Object(Closure))
#79 E:\\_project\\_ring\\vendor\\laravel\\framework\\src\\Illuminate\\Foundation\\Http\\Middleware\\TransformsRequest.php(21): Illuminate\\Pipeline\\Pipeline->Illuminate\\Pipeline\\{closure}(Object(Illuminate\\Http\\Request))
#80 E:\\_project\\_ring\\vendor\\laravel\\framework\\src\\Illuminate\\Foundation\\Http\\Middleware\\ConvertEmptyStringsToNull.php(31): Illuminate\\Foundation\\Http\\Middleware\\TransformsRequest->handle(Object(Illuminate\\Http\\Request), Object(Closure))
#81 E:\\_project\\_ring\\vendor\\laravel\\framework\\src\\Illuminate\\Pipeline\\Pipeline.php(167): Illuminate\\Foundation\\Http\\Middleware\\ConvertEmptyStringsToNull->handle(Object(Illuminate\\Http\\Request), Object(Closure))
#82 E:\\_project\\_ring\\vendor\\laravel\\framework\\src\\Illuminate\\Foundation\\Http\\Middleware\\TransformsRequest.php(21): Illuminate\\Pipeline\\Pipeline->Illuminate\\Pipeline\\{closure}(Object(Illuminate\\Http\\Request))
#83 E:\\_project\\_ring\\vendor\\laravel\\framework\\src\\Illuminate\\Foundation\\Http\\Middleware\\TrimStrings.php(40): Illuminate\\Foundation\\Http\\Middleware\\TransformsRequest->handle(Object(Illuminate\\Http\\Request), Object(Closure))
#84 E:\\_project\\_ring\\vendor\\laravel\\framework\\src\\Illuminate\\Pipeline\\Pipeline.php(167): Illuminate\\Foundation\\Http\\Middleware\\TrimStrings->handle(Object(Illuminate\\Http\\Request), Object(Closure))
#85 E:\\_project\\_ring\\vendor\\laravel\\framework\\src\\Illuminate\\Foundation\\Http\\Middleware\\ValidatePostSize.php(27): Illuminate\\Pipeline\\Pipeline->Illuminate\\Pipeline\\{closure}(Object(Illuminate\\Http\\Request))
#86 E:\\_project\\_ring\\vendor\\laravel\\framework\\src\\Illuminate\\Pipeline\\Pipeline.php(167): Illuminate\\Foundation\\Http\\Middleware\\ValidatePostSize->handle(Object(Illuminate\\Http\\Request), Object(Closure))
#87 E:\\_project\\_ring\\vendor\\laravel\\framework\\src\\Illuminate\\Foundation\\Http\\Middleware\\PreventRequestsDuringMaintenance.php(86): Illuminate\\Pipeline\\Pipeline->Illuminate\\Pipeline\\{closure}(Object(Illuminate\\Http\\Request))
#88 E:\\_project\\_ring\\vendor\\laravel\\framework\\src\\Illuminate\\Pipeline\\Pipeline.php(167): Illuminate\\Foundation\\Http\\Middleware\\PreventRequestsDuringMaintenance->handle(Object(Illuminate\\Http\\Request), Object(Closure))
#89 E:\\_project\\_ring\\vendor\\fruitcake\\laravel-cors\\src\\HandleCors.php(38): Illuminate\\Pipeline\\Pipeline->Illuminate\\Pipeline\\{closure}(Object(Illuminate\\Http\\Request))
#90 E:\\_project\\_ring\\vendor\\laravel\\framework\\src\\Illuminate\\Pipeline\\Pipeline.php(167): Fruitcake\\Cors\\HandleCors->handle(Object(Illuminate\\Http\\Request), Object(Closure))
#91 E:\\_project\\_ring\\vendor\\laravel\\framework\\src\\Illuminate\\Http\\Middleware\\TrustProxies.php(39): Illuminate\\Pipeline\\Pipeline->Illuminate\\Pipeline\\{closure}(Object(Illuminate\\Http\\Request))
#92 E:\\_project\\_ring\\vendor\\laravel\\framework\\src\\Illuminate\\Pipeline\\Pipeline.php(167): Illuminate\\Http\\Middleware\\TrustProxies->handle(Object(Illuminate\\Http\\Request), Object(Closure))
#93 E:\\_project\\_ring\\vendor\\laravel\\framework\\src\\Illuminate\\Pipeline\\Pipeline.php(103): Illuminate\\Pipeline\\Pipeline->Illuminate\\Pipeline\\{closure}(Object(Illuminate\\Http\\Request))
#94 E:\\_project\\_ring\\vendor\\laravel\\framework\\src\\Illuminate\\Foundation\\Http\\Kernel.php(142): Illuminate\\Pipeline\\Pipeline->then(Object(Closure))
#95 E:\\_project\\_ring\\vendor\\laravel\\framework\\src\\Illuminate\\Foundation\\Http\\Kernel.php(111): Illuminate\\Foundation\\Http\\Kernel->sendRequestThroughRouter(Object(Illuminate\\Http\\Request))
#96 E:\\_project\\_ring\\public\\index.php(55): Illuminate\\Foundation\\Http\\Kernel->handle(Object(Illuminate\\Http\\Request))
#97 E:\\_project\\_ring\\server.php(21): require_once('E:\\\\_project\\\\_ri...')
#98 {main}
"} 
